<?xml version="1.0" encoding="UTF-8"?>
<!-- Generated by org.testng.reporters.JUnitReportReporter -->
<testsuite hostname="INDDESK016" failures="0" tests="1" name="testclass.Invoice" time="135.575" errors="0" timestamp="2023-06-22T13:32:10 IST" skipped="0">
  <testcase classname="testclass.Invoice" name="verifyAmount" time="135.575"/>
  <system-out>
    <![CDATA[410.00]]>
  </system-out>
</testsuite> <!-- testclass.Invoice -->
