<?xml version="1.0" encoding="UTF-8"?>
<!-- Generated by org.testng.reporters.JUnitReportReporter -->
<testsuite hostname="INDDESK016" failures="0" tests="1" name="testclass.Testclass" time="265.406" errors="0" timestamp="2023-05-09T18:24:48 IST" skipped="0">
  <testcase classname="testclass.Testclass" name="verifyAmount" time="265.406"/>
  <system-out>
    <![CDATA[900.000]]>
  </system-out>
</testsuite> <!-- testclass.Testclass -->
