<?xml version="1.0" encoding="UTF-8"?>
<!-- Generated by org.testng.reporters.JUnitReportReporter -->
<testsuite hostname="INDDESK016" failures="0" tests="1" name="TestClass.loginpagetest" time="261.101" errors="0" timestamp="2023-05-09T17:05:06 IST" skipped="0">
  <testcase classname="TestClass.loginpagetest" name="verifyAmount" time="261.101"/>
  <system-out>
    <![CDATA[900.000]]>
  </system-out>
</testsuite> <!-- TestClass.loginpagetest -->
